{"C:\\Users\\Proger\\Documents\\pointsAdminApp\\backend\\serverConfig.js": {"path":"C:\\Users\\Proger\\Documents\\pointsAdminApp\\backend\\serverConfig.js","statementMap":{"0":{"start":{"line":1,"column":0},"end":{"line":31,"column":1}}},"fnMap":{},"branchMap":{},"s":{"0":2},"f":{},"b":{},"_coverageSchema":"1a1c01bbd47fc00a2c39e90264f33305004495a9","hash":"fdb28bf02291db5d82d76a43893a6c7f239efbff"}
,"C:\\Users\\Proger\\Documents\\pointsAdminApp\\backend\\src\\middlewares\\passport.js": {"path":"C:\\Users\\Proger\\Documents\\pointsAdminApp\\backend\\src\\middlewares\\passport.js","statementMap":{"0":{"start":{"line":2,"column":17},"end":{"line":2,"column":36}},"1":{"start":{"line":3,"column":22},"end":{"line":3,"column":56}},"2":{"start":{"line":4,"column":44},"end":{"line":4,"column":84}},"3":{"start":{"line":6,"column":0},"end":{"line":27,"column":1}},"4":{"start":{"line":8,"column":4},"end":{"line":10,"column":6}},"5":{"start":{"line":9,"column":8},"end":{"line":9,"column":27}},"6":{"start":{"line":12,"column":4},"end":{"line":14,"column":6}},"7":{"start":{"line":13,"column":8},"end":{"line":13,"column":54}},"8":{"start":{"line":13,"column":37},"end":{"line":13,"column":53}},"9":{"start":{"line":16,"column":4},"end":{"line":23,"column":5}},"10":{"start":{"line":19,"column":12},"end":{"line":21,"column":14}},"11":{"start":{"line":20,"column":16},"end":{"line":20,"column":73}},"12":{"start":{"line":25,"column":4},"end":{"line":25,"column":34}},"13":{"start":{"line":26,"column":4},"end":{"line":26,"column":31}},"14":{"start":{"line":29,"column":0},"end":{"line":44,"column":1}},"15":{"start":{"line":30,"column":4},"end":{"line":43,"column":5}},"16":{"start":{"line":31,"column":8},"end":{"line":42,"column":9}},"17":{"start":{"line":33,"column":12},"end":{"line":39,"column":13}},"18":{"start":{"line":36,"column":16},"end":{"line":36,"column":22}},"19":{"start":{"line":38,"column":16},"end":{"line":38,"column":37}},"20":{"start":{"line":41,"column":12},"end":{"line":41,"column":32}}},"fnMap":{"0":{"name":"(anonymous_0)","decl":{"start":{"line":6,"column":25},"end":{"line":6,"column":26}},"loc":{"start":{"line":6,"column":40},"end":{"line":27,"column":1}},"line":6},"1":{"name":"(anonymous_1)","decl":{"start":{"line":8,"column":27},"end":{"line":8,"column":28}},"loc":{"start":{"line":8,"column":49},"end":{"line":10,"column":5}},"line":8},"2":{"name":"(anonymous_2)","decl":{"start":{"line":12,"column":29},"end":{"line":12,"column":30}},"loc":{"start":{"line":12,"column":49},"end":{"line":14,"column":5}},"line":12},"3":{"name":"(anonymous_3)","decl":{"start":{"line":13,"column":29},"end":{"line":13,"column":30}},"loc":{"start":{"line":13,"column":37},"end":{"line":13,"column":53}},"line":13},"4":{"name":"(anonymous_4)","decl":{"start":{"line":18,"column":8},"end":{"line":18,"column":9}},"loc":{"start":{"line":18,"column":41},"end":{"line":22,"column":9}},"line":18},"5":{"name":"(anonymous_5)","decl":{"start":{"line":19,"column":53},"end":{"line":19,"column":54}},"loc":{"start":{"line":19,"column":65},"end":{"line":21,"column":13}},"line":19},"6":{"name":"(anonymous_6)","decl":{"start":{"line":29,"column":20},"end":{"line":29,"column":21}},"loc":{"start":{"line":29,"column":42},"end":{"line":44,"column":1}},"line":29},"7":{"name":"(anonymous_7)","decl":{"start":{"line":30,"column":11},"end":{"line":30,"column":12}},"loc":{"start":{"line":30,"column":31},"end":{"line":43,"column":5}},"line":30}},"branchMap":{"0":{"loc":{"start":{"line":20,"column":16},"end":{"line":20,"column":73}},"type":"cond-expr","locations":[{"start":{"line":20,"column":25},"end":{"line":20,"column":43}},{"start":{"line":20,"column":46},"end":{"line":20,"column":73}}],"line":20},"1":{"loc":{"start":{"line":31,"column":8},"end":{"line":42,"column":9}},"type":"if","locations":[{"start":{"line":31,"column":8},"end":{"line":42,"column":9}},{"start":{"line":31,"column":8},"end":{"line":42,"column":9}}],"line":31},"2":{"loc":{"start":{"line":33,"column":12},"end":{"line":39,"column":13}},"type":"if","locations":[{"start":{"line":33,"column":12},"end":{"line":39,"column":13}},{"start":{"line":33,"column":12},"end":{"line":39,"column":13}}],"line":33},"3":{"loc":{"start":{"line":33,"column":16},"end":{"line":35,"column":36}},"type":"binary-expr","locations":[{"start":{"line":33,"column":17},"end":{"line":33,"column":48}},{"start":{"line":33,"column":52},"end":{"line":33,"column":100}},{"start":{"line":34,"column":17},"end":{"line":34,"column":48}},{"start":{"line":34,"column":52},"end":{"line":34,"column":106}},{"start":{"line":35,"column":16},"end":{"line":35,"column":36}}],"line":33}},"s":{"0":1,"1":1,"2":1,"3":1,"4":0,"5":0,"6":0,"7":0,"8":0,"9":0,"10":0,"11":0,"12":0,"13":0,"14":1,"15":6,"16":6,"17":5,"18":4,"19":1,"20":1},"f":{"0":0,"1":0,"2":0,"3":0,"4":0,"5":0,"6":6,"7":6},"b":{"0":[0,0],"1":[5,1],"2":[4,1],"3":[5,3,4,2,2]},"_coverageSchema":"1a1c01bbd47fc00a2c39e90264f33305004495a9","hash":"e837465ade233192d5a1595b1fe8eb094c5c4d6f"}
,"C:\\Users\\Proger\\Documents\\pointsAdminApp\\backend\\src\\model\\adminPanelApi\\admin.js": {"path":"C:\\Users\\Proger\\Documents\\pointsAdminApp\\backend\\src\\model\\adminPanelApi\\admin.js","statementMap":{"0":{"start":{"line":2,"column":13},"end":{"line":2,"column":35}},"1":{"start":{"line":4,"column":40},"end":{"line":4,"column":62}},"2":{"start":{"line":5,"column":19},"end":{"line":5,"column":47}},"3":{"start":{"line":9,"column":4},"end":{"line":9,"column":66}},"4":{"start":{"line":10,"column":4},"end":{"line":12,"column":5}},"5":{"start":{"line":11,"column":8},"end":{"line":11,"column":28}},"6":{"start":{"line":14,"column":4},"end":{"line":25,"column":10}},"7":{"start":{"line":20,"column":12},"end":{"line":24,"column":13}},"8":{"start":{"line":21,"column":16},"end":{"line":21,"column":39}},"9":{"start":{"line":23,"column":16},"end":{"line":23,"column":28}},"10":{"start":{"line":29,"column":4},"end":{"line":29,"column":41}},"11":{"start":{"line":31,"column":4},"end":{"line":33,"column":5}},"12":{"start":{"line":32,"column":8},"end":{"line":32,"column":45}},"13":{"start":{"line":35,"column":4},"end":{"line":35,"column":66}},"14":{"start":{"line":37,"column":4},"end":{"line":39,"column":5}},"15":{"start":{"line":38,"column":8},"end":{"line":38,"column":49}},"16":{"start":{"line":41,"column":4},"end":{"line":43,"column":5}},"17":{"start":{"line":42,"column":8},"end":{"line":42,"column":40}},"18":{"start":{"line":45,"column":19},"end":{"line":45,"column":100}},"19":{"start":{"line":45,"column":93},"end":{"line":45,"column":99}},"20":{"start":{"line":46,"column":4},"end":{"line":46,"column":33}},"21":{"start":{"line":50,"column":4},"end":{"line":60,"column":10}},"22":{"start":{"line":56,"column":12},"end":{"line":58,"column":14}},"23":{"start":{"line":57,"column":16},"end":{"line":57,"column":63}},"24":{"start":{"line":59,"column":12},"end":{"line":59,"column":22}},"25":{"start":{"line":64,"column":4},"end":{"line":64,"column":29}},"26":{"start":{"line":71,"column":0},"end":{"line":71,"column":27}},"27":{"start":{"line":72,"column":0},"end":{"line":72,"column":25}},"28":{"start":{"line":73,"column":0},"end":{"line":73,"column":27}},"29":{"start":{"line":74,"column":0},"end":{"line":74,"column":37}}},"fnMap":{"0":{"name":"editUser","decl":{"start":{"line":8,"column":9},"end":{"line":8,"column":17}},"loc":{"start":{"line":8,"column":43},"end":{"line":26,"column":1}},"line":8},"1":{"name":"(anonymous_1)","decl":{"start":{"line":19,"column":14},"end":{"line":19,"column":15}},"loc":{"start":{"line":19,"column":21},"end":{"line":25,"column":9}},"line":19},"2":{"name":"addUser","decl":{"start":{"line":28,"column":15},"end":{"line":28,"column":22}},"loc":{"start":{"line":28,"column":55},"end":{"line":47,"column":1}},"line":28},"3":{"name":"(anonymous_3)","decl":{"start":{"line":45,"column":86},"end":{"line":45,"column":87}},"loc":{"start":{"line":45,"column":93},"end":{"line":45,"column":99}},"line":45},"4":{"name":"getUsers","decl":{"start":{"line":49,"column":9},"end":{"line":49,"column":17}},"loc":{"start":{"line":49,"column":26},"end":{"line":61,"column":1}},"line":49},"5":{"name":"(anonymous_5)","decl":{"start":{"line":55,"column":14},"end":{"line":55,"column":15}},"loc":{"start":{"line":55,"column":21},"end":{"line":60,"column":9}},"line":55},"6":{"name":"(anonymous_6)","decl":{"start":{"line":56,"column":24},"end":{"line":56,"column":25}},"loc":{"start":{"line":56,"column":32},"end":{"line":58,"column":13}},"line":56},"7":{"name":"getPermission","decl":{"start":{"line":63,"column":9},"end":{"line":63,"column":22}},"loc":{"start":{"line":63,"column":25},"end":{"line":65,"column":1}},"line":63}},"branchMap":{"0":{"loc":{"start":{"line":9,"column":12},"end":{"line":9,"column":66}},"type":"cond-expr","locations":[{"start":{"line":9,"column":42},"end":{"line":9,"column":54}},{"start":{"line":9,"column":57},"end":{"line":9,"column":66}}],"line":9},"1":{"loc":{"start":{"line":10,"column":4},"end":{"line":12,"column":5}},"type":"if","locations":[{"start":{"line":10,"column":4},"end":{"line":12,"column":5}},{"start":{"line":10,"column":4},"end":{"line":12,"column":5}}],"line":10},"2":{"loc":{"start":{"line":20,"column":12},"end":{"line":24,"column":13}},"type":"if","locations":[{"start":{"line":20,"column":12},"end":{"line":24,"column":13}},{"start":{"line":20,"column":12},"end":{"line":24,"column":13}}],"line":20},"3":{"loc":{"start":{"line":31,"column":4},"end":{"line":33,"column":5}},"type":"if","locations":[{"start":{"line":31,"column":4},"end":{"line":33,"column":5}},{"start":{"line":31,"column":4},"end":{"line":33,"column":5}}],"line":31},"4":{"loc":{"start":{"line":35,"column":12},"end":{"line":35,"column":66}},"type":"cond-expr","locations":[{"start":{"line":35,"column":42},"end":{"line":35,"column":54}},{"start":{"line":35,"column":57},"end":{"line":35,"column":66}}],"line":35},"5":{"loc":{"start":{"line":37,"column":4},"end":{"line":39,"column":5}},"type":"if","locations":[{"start":{"line":37,"column":4},"end":{"line":39,"column":5}},{"start":{"line":37,"column":4},"end":{"line":39,"column":5}}],"line":37},"6":{"loc":{"start":{"line":41,"column":4},"end":{"line":43,"column":5}},"type":"if","locations":[{"start":{"line":41,"column":4},"end":{"line":43,"column":5}},{"start":{"line":41,"column":4},"end":{"line":43,"column":5}}],"line":41}},"s":{"0":1,"1":1,"2":1,"3":2,"4":2,"5":0,"6":2,"7":2,"8":2,"9":0,"10":8,"11":8,"12":1,"13":7,"14":7,"15":1,"16":6,"17":1,"18":5,"19":5,"20":5,"21":8,"22":8,"23":25,"24":8,"25":5,"26":1,"27":1,"28":1,"29":1},"f":{"0":2,"1":2,"2":8,"3":5,"4":8,"5":8,"6":25,"7":5},"b":{"0":[1,1],"1":[0,2],"2":[2,0],"3":[1,7],"4":[7,0],"5":[1,6],"6":[1,5]},"_coverageSchema":"1a1c01bbd47fc00a2c39e90264f33305004495a9","hash":"4895e3bd18e3d09648f453db4f8d06af6e7227d8"}
,"C:\\Users\\Proger\\Documents\\pointsAdminApp\\backend\\src\\model\\adminPanelApi\\moder.js": {"path":"C:\\Users\\Proger\\Documents\\pointsAdminApp\\backend\\src\\model\\adminPanelApi\\moder.js","statementMap":{"0":{"start":{"line":1,"column":13},"end":{"line":1,"column":35}},"1":{"start":{"line":2,"column":88},"end":{"line":2,"column":110}},"2":{"start":{"line":5,"column":24},"end":{"line":5,"column":51}},"3":{"start":{"line":7,"column":4},"end":{"line":17,"column":10}},"4":{"start":{"line":13,"column":12},"end":{"line":15,"column":14}},"5":{"start":{"line":14,"column":16},"end":{"line":14,"column":69}},"6":{"start":{"line":16,"column":12},"end":{"line":16,"column":22}},"7":{"start":{"line":21,"column":24},"end":{"line":21,"column":51}},"8":{"start":{"line":22,"column":24},"end":{"line":22,"column":58}},"9":{"start":{"line":24,"column":4},"end":{"line":26,"column":5}},"10":{"start":{"line":25,"column":8},"end":{"line":25,"column":58}},"11":{"start":{"line":27,"column":4},"end":{"line":39,"column":10}},"12":{"start":{"line":33,"column":12},"end":{"line":33,"column":28}},"13":{"start":{"line":34,"column":12},"end":{"line":38,"column":13}},"14":{"start":{"line":35,"column":16},"end":{"line":35,"column":30}},"15":{"start":{"line":37,"column":16},"end":{"line":37,"column":28}},"16":{"start":{"line":43,"column":24},"end":{"line":43,"column":51}},"17":{"start":{"line":44,"column":24},"end":{"line":44,"column":58}},"18":{"start":{"line":45,"column":4},"end":{"line":56,"column":10}},"19":{"start":{"line":51,"column":12},"end":{"line":55,"column":13}},"20":{"start":{"line":52,"column":16},"end":{"line":52,"column":30}},"21":{"start":{"line":54,"column":16},"end":{"line":54,"column":28}},"22":{"start":{"line":59,"column":0},"end":{"line":59,"column":12}},"23":{"start":{"line":61,"column":24},"end":{"line":61,"column":51}},"24":{"start":{"line":62,"column":24},"end":{"line":62,"column":58}},"25":{"start":{"line":63,"column":23},"end":{"line":63,"column":64}},"26":{"start":{"line":64,"column":4},"end":{"line":64,"column":44}},"27":{"start":{"line":65,"column":4},"end":{"line":65,"column":33}},"28":{"start":{"line":66,"column":4},"end":{"line":77,"column":10}},"29":{"start":{"line":72,"column":12},"end":{"line":76,"column":13}},"30":{"start":{"line":73,"column":16},"end":{"line":73,"column":25}},"31":{"start":{"line":75,"column":16},"end":{"line":75,"column":38}},"32":{"start":{"line":80,"column":0},"end":{"line":80,"column":39}},"33":{"start":{"line":81,"column":0},"end":{"line":81,"column":39}},"34":{"start":{"line":82,"column":0},"end":{"line":82,"column":39}},"35":{"start":{"line":83,"column":0},"end":{"line":83,"column":39}}},"fnMap":{"0":{"name":"getPointsModer","decl":{"start":{"line":4,"column":15},"end":{"line":4,"column":29}},"loc":{"start":{"line":4,"column":32},"end":{"line":18,"column":1}},"line":4},"1":{"name":"(anonymous_1)","decl":{"start":{"line":12,"column":14},"end":{"line":12,"column":15}},"loc":{"start":{"line":12,"column":21},"end":{"line":17,"column":9}},"line":12},"2":{"name":"(anonymous_2)","decl":{"start":{"line":13,"column":24},"end":{"line":13,"column":25}},"loc":{"start":{"line":13,"column":32},"end":{"line":15,"column":13}},"line":13},"3":{"name":"setPointRefuse","decl":{"start":{"line":20,"column":15},"end":{"line":20,"column":29}},"loc":{"start":{"line":20,"column":52},"end":{"line":40,"column":1}},"line":20},"4":{"name":"(anonymous_4)","decl":{"start":{"line":32,"column":14},"end":{"line":32,"column":15}},"loc":{"start":{"line":32,"column":21},"end":{"line":39,"column":9}},"line":32},"5":{"name":"setPointAccept","decl":{"start":{"line":42,"column":15},"end":{"line":42,"column":29}},"loc":{"start":{"line":42,"column":39},"end":{"line":57,"column":1}},"line":42},"6":{"name":"(anonymous_6)","decl":{"start":{"line":50,"column":14},"end":{"line":50,"column":15}},"loc":{"start":{"line":50,"column":21},"end":{"line":56,"column":9}},"line":50},"7":{"name":"editPointModer","decl":{"start":{"line":60,"column":15},"end":{"line":60,"column":29}},"loc":{"start":{"line":60,"column":41},"end":{"line":78,"column":1}},"line":60},"8":{"name":"(anonymous_8)","decl":{"start":{"line":71,"column":14},"end":{"line":71,"column":15}},"loc":{"start":{"line":71,"column":21},"end":{"line":77,"column":9}},"line":71}},"branchMap":{"0":{"loc":{"start":{"line":24,"column":4},"end":{"line":26,"column":5}},"type":"if","locations":[{"start":{"line":24,"column":4},"end":{"line":26,"column":5}},{"start":{"line":24,"column":4},"end":{"line":26,"column":5}}],"line":24},"1":{"loc":{"start":{"line":34,"column":12},"end":{"line":38,"column":13}},"type":"if","locations":[{"start":{"line":34,"column":12},"end":{"line":38,"column":13}},{"start":{"line":34,"column":12},"end":{"line":38,"column":13}}],"line":34},"2":{"loc":{"start":{"line":51,"column":12},"end":{"line":55,"column":13}},"type":"if","locations":[{"start":{"line":51,"column":12},"end":{"line":55,"column":13}},{"start":{"line":51,"column":12},"end":{"line":55,"column":13}}],"line":51},"3":{"loc":{"start":{"line":72,"column":12},"end":{"line":76,"column":13}},"type":"if","locations":[{"start":{"line":72,"column":12},"end":{"line":76,"column":13}},{"start":{"line":72,"column":12},"end":{"line":76,"column":13}}],"line":72}},"s":{"0":1,"1":1,"2":1,"3":1,"4":1,"5":4,"6":1,"7":0,"8":0,"9":0,"10":0,"11":0,"12":0,"13":0,"14":0,"15":0,"16":0,"17":0,"18":0,"19":0,"20":0,"21":0,"22":1,"23":0,"24":0,"25":0,"26":0,"27":0,"28":0,"29":0,"30":0,"31":0,"32":1,"33":1,"34":1,"35":1},"f":{"0":1,"1":1,"2":4,"3":0,"4":0,"5":0,"6":0,"7":0,"8":0},"b":{"0":[0,0],"1":[0,0],"2":[0,0],"3":[0,0]},"_coverageSchema":"1a1c01bbd47fc00a2c39e90264f33305004495a9","hash":"078f25b213569a8858dc0fdaaa0f0f9be1e94363"}
,"C:\\Users\\Proger\\Documents\\pointsAdminApp\\backend\\src\\model\\adminPanelApi\\others.js": {"path":"C:\\Users\\Proger\\Documents\\pointsAdminApp\\backend\\src\\model\\adminPanelApi\\others.js","statementMap":{"0":{"start":{"line":2,"column":13},"end":{"line":2,"column":35}},"1":{"start":{"line":5,"column":4},"end":{"line":5,"column":67}},"2":{"start":{"line":9,"column":4},"end":{"line":9,"column":66}},"3":{"start":{"line":10,"column":4},"end":{"line":10,"column":73}},"4":{"start":{"line":10,"column":29},"end":{"line":10,"column":73}},"5":{"start":{"line":11,"column":4},"end":{"line":18,"column":10}},"6":{"start":{"line":17,"column":12},"end":{"line":17,"column":79}},"7":{"start":{"line":21,"column":0},"end":{"line":21,"column":47}},"8":{"start":{"line":22,"column":0},"end":{"line":22,"column":33}}},"fnMap":{"0":{"name":"getUserById","decl":{"start":{"line":4,"column":15},"end":{"line":4,"column":26}},"loc":{"start":{"line":4,"column":31},"end":{"line":6,"column":1}},"line":4},"1":{"name":"checkLoginPassword","decl":{"start":{"line":8,"column":15},"end":{"line":8,"column":33}},"loc":{"start":{"line":8,"column":51},"end":{"line":19,"column":1}},"line":8},"2":{"name":"(anonymous_2)","decl":{"start":{"line":16,"column":14},"end":{"line":16,"column":15}},"loc":{"start":{"line":16,"column":28},"end":{"line":18,"column":9}},"line":16}},"branchMap":{"0":{"loc":{"start":{"line":9,"column":12},"end":{"line":9,"column":66}},"type":"cond-expr","locations":[{"start":{"line":9,"column":42},"end":{"line":9,"column":54}},{"start":{"line":9,"column":57},"end":{"line":9,"column":66}}],"line":9},"1":{"loc":{"start":{"line":10,"column":4},"end":{"line":10,"column":73}},"type":"if","locations":[{"start":{"line":10,"column":4},"end":{"line":10,"column":73}},{"start":{"line":10,"column":4},"end":{"line":10,"column":73}}],"line":10},"2":{"loc":{"start":{"line":10,"column":8},"end":{"line":10,"column":27}},"type":"binary-expr","locations":[{"start":{"line":10,"column":8},"end":{"line":10,"column":14}},{"start":{"line":10,"column":18},"end":{"line":10,"column":27}}],"line":10},"3":{"loc":{"start":{"line":17,"column":19},"end":{"line":17,"column":79}},"type":"cond-expr","locations":[{"start":{"line":17,"column":67},"end":{"line":17,"column":71}},{"start":{"line":17,"column":74},"end":{"line":17,"column":79}}],"line":17},"4":{"loc":{"start":{"line":17,"column":20},"end":{"line":17,"column":63}},"type":"binary-expr","locations":[{"start":{"line":17,"column":20},"end":{"line":17,"column":24}},{"start":{"line":17,"column":28},"end":{"line":17,"column":63}}],"line":17}},"s":{"0":2,"1":1,"2":6,"3":6,"4":3,"5":3,"6":3,"7":2,"8":2},"f":{"0":1,"1":6,"2":3},"b":{"0":[4,2],"1":[3,3],"2":[6,4],"3":[1,2],"4":[3,2]},"_coverageSchema":"1a1c01bbd47fc00a2c39e90264f33305004495a9","hash":"a99d5d3906e3c85bbf41c31407472f1f9633d747"}
,"C:\\Users\\Proger\\Documents\\pointsAdminApp\\backend\\src\\model\\adminPanelApi\\user.js": {"path":"C:\\Users\\Proger\\Documents\\pointsAdminApp\\backend\\src\\model\\adminPanelApi\\user.js","statementMap":{"0":{"start":{"line":2,"column":13},"end":{"line":2,"column":35}},"1":{"start":{"line":4,"column":111},"end":{"line":4,"column":133}},"2":{"start":{"line":7,"column":24},"end":{"line":7,"column":56}},"3":{"start":{"line":8,"column":31},"end":{"line":8,"column":56}},"4":{"start":{"line":10,"column":4},"end":{"line":19,"column":5}},"5":{"start":{"line":11,"column":25},"end":{"line":17,"column":9}},"6":{"start":{"line":18,"column":8},"end":{"line":18,"column":22}},"7":{"start":{"line":21,"column":4},"end":{"line":21,"column":28}},"8":{"start":{"line":22,"column":4},"end":{"line":22,"column":71}},"9":{"start":{"line":23,"column":20},"end":{"line":26,"column":28}},"10":{"start":{"line":26,"column":21},"end":{"line":26,"column":27}},"11":{"start":{"line":28,"column":4},"end":{"line":28,"column":34}},"12":{"start":{"line":29,"column":4},"end":{"line":29,"column":36}},"13":{"start":{"line":33,"column":4},"end":{"line":33,"column":27}},"14":{"start":{"line":37,"column":4},"end":{"line":47,"column":10}},"15":{"start":{"line":42,"column":12},"end":{"line":46,"column":13}},"16":{"start":{"line":43,"column":16},"end":{"line":43,"column":26}},"17":{"start":{"line":45,"column":16},"end":{"line":45,"column":42}},"18":{"start":{"line":51,"column":4},"end":{"line":51,"column":50}},"19":{"start":{"line":52,"column":30},"end":{"line":52,"column":64}},"20":{"start":{"line":53,"column":23},"end":{"line":53,"column":55}},"21":{"start":{"line":54,"column":52},"end":{"line":54,"column":62}},"22":{"start":{"line":55,"column":31},"end":{"line":55,"column":64}},"23":{"start":{"line":57,"column":4},"end":{"line":66,"column":5}},"24":{"start":{"line":58,"column":25},"end":{"line":64,"column":9}},"25":{"start":{"line":65,"column":8},"end":{"line":65,"column":22}},"26":{"start":{"line":68,"column":4},"end":{"line":68,"column":26}},"27":{"start":{"line":69,"column":4},"end":{"line":69,"column":30}},"28":{"start":{"line":70,"column":4},"end":{"line":76,"column":6}},"29":{"start":{"line":71,"column":8},"end":{"line":75,"column":9}},"30":{"start":{"line":72,"column":12},"end":{"line":72,"column":78}},"31":{"start":{"line":73,"column":15},"end":{"line":75,"column":9}},"32":{"start":{"line":74,"column":12},"end":{"line":74,"column":78}},"33":{"start":{"line":78,"column":22},"end":{"line":81,"column":40}},"34":{"start":{"line":82,"column":4},"end":{"line":87,"column":5}},"35":{"start":{"line":83,"column":8},"end":{"line":83,"column":38}},"36":{"start":{"line":84,"column":8},"end":{"line":84,"column":44}},"37":{"start":{"line":86,"column":8},"end":{"line":86,"column":30}},"38":{"start":{"line":90,"column":0},"end":{"line":90,"column":27}},"39":{"start":{"line":91,"column":0},"end":{"line":91,"column":37}},"40":{"start":{"line":92,"column":0},"end":{"line":92,"column":27}},"41":{"start":{"line":93,"column":0},"end":{"line":93,"column":29}}},"fnMap":{"0":{"name":"addPoint","decl":{"start":{"line":6,"column":15},"end":{"line":6,"column":23}},"loc":{"start":{"line":6,"column":35},"end":{"line":30,"column":1}},"line":6},"1":{"name":"(anonymous_1)","decl":{"start":{"line":26,"column":14},"end":{"line":26,"column":15}},"loc":{"start":{"line":26,"column":21},"end":{"line":26,"column":27}},"line":26},"2":{"name":"getPointsUser","decl":{"start":{"line":32,"column":9},"end":{"line":32,"column":22}},"loc":{"start":{"line":32,"column":27},"end":{"line":34,"column":1}},"line":32},"3":{"name":"delPoint","decl":{"start":{"line":36,"column":9},"end":{"line":36,"column":17}},"loc":{"start":{"line":36,"column":35},"end":{"line":48,"column":1}},"line":36},"4":{"name":"(anonymous_4)","decl":{"start":{"line":41,"column":14},"end":{"line":41,"column":15}},"loc":{"start":{"line":41,"column":21},"end":{"line":47,"column":9}},"line":41},"5":{"name":"editPoint","decl":{"start":{"line":50,"column":15},"end":{"line":50,"column":24}},"loc":{"start":{"line":50,"column":49},"end":{"line":88,"column":1}},"line":50},"6":{"name":"(anonymous_6)","decl":{"start":{"line":70,"column":69},"end":{"line":70,"column":70}},"loc":{"start":{"line":70,"column":84},"end":{"line":76,"column":5}},"line":70}},"branchMap":{"0":{"loc":{"start":{"line":10,"column":4},"end":{"line":19,"column":5}},"type":"if","locations":[{"start":{"line":10,"column":4},"end":{"line":19,"column":5}},{"start":{"line":10,"column":4},"end":{"line":19,"column":5}}],"line":10},"1":{"loc":{"start":{"line":10,"column":8},"end":{"line":10,"column":30}},"type":"binary-expr","locations":[{"start":{"line":10,"column":8},"end":{"line":10,"column":14}},{"start":{"line":10,"column":18},"end":{"line":10,"column":30}}],"line":10},"2":{"loc":{"start":{"line":42,"column":12},"end":{"line":46,"column":13}},"type":"if","locations":[{"start":{"line":42,"column":12},"end":{"line":46,"column":13}},{"start":{"line":42,"column":12},"end":{"line":46,"column":13}}],"line":42},"3":{"loc":{"start":{"line":57,"column":4},"end":{"line":66,"column":5}},"type":"if","locations":[{"start":{"line":57,"column":4},"end":{"line":66,"column":5}},{"start":{"line":57,"column":4},"end":{"line":66,"column":5}}],"line":57},"4":{"loc":{"start":{"line":57,"column":8},"end":{"line":57,"column":30}},"type":"binary-expr","locations":[{"start":{"line":57,"column":8},"end":{"line":57,"column":14}},{"start":{"line":57,"column":18},"end":{"line":57,"column":30}}],"line":57},"5":{"loc":{"start":{"line":71,"column":8},"end":{"line":75,"column":9}},"type":"if","locations":[{"start":{"line":71,"column":8},"end":{"line":75,"column":9}},{"start":{"line":71,"column":8},"end":{"line":75,"column":9}}],"line":71},"6":{"loc":{"start":{"line":73,"column":15},"end":{"line":75,"column":9}},"type":"if","locations":[{"start":{"line":73,"column":15},"end":{"line":75,"column":9}},{"start":{"line":73,"column":15},"end":{"line":75,"column":9}}],"line":73},"7":{"loc":{"start":{"line":73,"column":19},"end":{"line":73,"column":93}},"type":"binary-expr","locations":[{"start":{"line":73,"column":19},"end":{"line":73,"column":49}},{"start":{"line":73,"column":53},"end":{"line":73,"column":93}}],"line":73},"8":{"loc":{"start":{"line":82,"column":4},"end":{"line":87,"column":5}},"type":"if","locations":[{"start":{"line":82,"column":4},"end":{"line":87,"column":5}},{"start":{"line":82,"column":4},"end":{"line":87,"column":5}}],"line":82}},"s":{"0":1,"1":1,"2":1,"3":1,"4":1,"5":0,"6":0,"7":1,"8":1,"9":1,"10":1,"11":1,"12":1,"13":0,"14":0,"15":0,"16":0,"17":0,"18":0,"19":0,"20":0,"21":0,"22":0,"23":0,"24":0,"25":0,"26":0,"27":0,"28":0,"29":0,"30":0,"31":0,"32":0,"33":0,"34":0,"35":0,"36":0,"37":0,"38":1,"39":1,"40":1,"41":1},"f":{"0":1,"1":1,"2":0,"3":0,"4":0,"5":0,"6":0},"b":{"0":[0,1],"1":[1,0],"2":[0,0],"3":[0,0],"4":[0,0],"5":[0,0],"6":[0,0],"7":[0,0],"8":[0,0]},"_coverageSchema":"1a1c01bbd47fc00a2c39e90264f33305004495a9","hash":"d218d842e397b056a0aa9e9ff75f4793cd50afc6"}
,"C:\\Users\\Proger\\Documents\\pointsAdminApp\\backend\\src\\model\\adminPanelApi\\utilityFn.js": {"path":"C:\\Users\\Proger\\Documents\\pointsAdminApp\\backend\\src\\model\\adminPanelApi\\utilityFn.js","statementMap":{"0":{"start":{"line":2,"column":13},"end":{"line":2,"column":35}},"1":{"start":{"line":3,"column":13},"end":{"line":3,"column":35}},"2":{"start":{"line":4,"column":19},"end":{"line":4,"column":47}},"3":{"start":{"line":5,"column":14},"end":{"line":5,"column":35}},"4":{"start":{"line":6,"column":21},"end":{"line":6,"column":51}},"5":{"start":{"line":7,"column":19},"end":{"line":7,"column":36}},"6":{"start":{"line":8,"column":18},"end":{"line":8,"column":64}},"7":{"start":{"line":11,"column":19},"end":{"line":11,"column":142}},"8":{"start":{"line":12,"column":31},"end":{"line":12,"column":34}},"9":{"start":{"line":13,"column":33},"end":{"line":13,"column":76}},"10":{"start":{"line":14,"column":25},"end":{"line":16,"column":26}},"11":{"start":{"line":18,"column":26},"end":{"line":20,"column":111}},"12":{"start":{"line":22,"column":28},"end":{"line":22,"column":30}},"13":{"start":{"line":23,"column":40},"end":{"line":23,"column":42}},"14":{"start":{"line":24,"column":24},"end":{"line":24,"column":26}},"15":{"start":{"line":25,"column":4},"end":{"line":56,"column":5}},"16":{"start":{"line":26,"column":8},"end":{"line":32,"column":10}},"17":{"start":{"line":27,"column":12},"end":{"line":31,"column":13}},"18":{"start":{"line":28,"column":16},"end":{"line":28,"column":57}},"19":{"start":{"line":30,"column":16},"end":{"line":30,"column":54}},"20":{"start":{"line":34,"column":8},"end":{"line":38,"column":9}},"21":{"start":{"line":35,"column":12},"end":{"line":37,"column":13}},"22":{"start":{"line":40,"column":8},"end":{"line":42,"column":10}},"23":{"start":{"line":41,"column":12},"end":{"line":41,"column":37}},"24":{"start":{"line":44,"column":8},"end":{"line":46,"column":9}},"25":{"start":{"line":45,"column":12},"end":{"line":45,"column":80}},"26":{"start":{"line":45,"column":61},"end":{"line":45,"column":79}},"27":{"start":{"line":48,"column":8},"end":{"line":52,"column":10}},"28":{"start":{"line":49,"column":12},"end":{"line":49,"column":42}},"29":{"start":{"line":50,"column":12},"end":{"line":50,"column":31}},"30":{"start":{"line":51,"column":12},"end":{"line":51,"column":43}},"31":{"start":{"line":53,"column":8},"end":{"line":53,"column":67}},"32":{"start":{"line":55,"column":8},"end":{"line":55,"column":20}},"33":{"start":{"line":60,"column":4},"end":{"line":65,"column":5}},"34":{"start":{"line":61,"column":8},"end":{"line":61,"column":28}},"35":{"start":{"line":62,"column":8},"end":{"line":62,"column":82}},"36":{"start":{"line":63,"column":11},"end":{"line":65,"column":5}},"37":{"start":{"line":64,"column":8},"end":{"line":64,"column":78}},"38":{"start":{"line":69,"column":4},"end":{"line":69,"column":68}},"39":{"start":{"line":69,"column":20},"end":{"line":69,"column":68}},"40":{"start":{"line":70,"column":4},"end":{"line":79,"column":10}},"41":{"start":{"line":74,"column":12},"end":{"line":78,"column":13}},"42":{"start":{"line":75,"column":16},"end":{"line":75,"column":27}},"43":{"start":{"line":77,"column":16},"end":{"line":77,"column":48}},"44":{"start":{"line":83,"column":4},"end":{"line":86,"column":22}},"45":{"start":{"line":90,"column":4},"end":{"line":93,"column":22}},"46":{"start":{"line":97,"column":4},"end":{"line":106,"column":10}},"47":{"start":{"line":101,"column":12},"end":{"line":105,"column":13}},"48":{"start":{"line":102,"column":16},"end":{"line":102,"column":32}},"49":{"start":{"line":104,"column":16},"end":{"line":104,"column":58}},"50":{"start":{"line":110,"column":4},"end":{"line":110,"column":103}},"51":{"start":{"line":110,"column":78},"end":{"line":110,"column":102}},"52":{"start":{"line":110,"column":94},"end":{"line":110,"column":101}},"53":{"start":{"line":114,"column":4},"end":{"line":114,"column":94}},"54":{"start":{"line":114,"column":87},"end":{"line":114,"column":93}},"55":{"start":{"line":118,"column":21},"end":{"line":118,"column":23}},"56":{"start":{"line":119,"column":4},"end":{"line":138,"column":5}},"57":{"start":{"line":120,"column":8},"end":{"line":124,"column":9}},"58":{"start":{"line":121,"column":12},"end":{"line":121,"column":38}},"59":{"start":{"line":122,"column":12},"end":{"line":122,"column":38}},"60":{"start":{"line":123,"column":12},"end":{"line":123,"column":38}},"61":{"start":{"line":126,"column":8},"end":{"line":130,"column":9}},"62":{"start":{"line":127,"column":43},"end":{"line":127,"column":66}},"63":{"start":{"line":127,"column":67},"end":{"line":127,"column":73}},"64":{"start":{"line":128,"column":44},"end":{"line":128,"column":68}},"65":{"start":{"line":128,"column":69},"end":{"line":128,"column":75}},"66":{"start":{"line":129,"column":45},"end":{"line":129,"column":73}},"67":{"start":{"line":129,"column":74},"end":{"line":129,"column":80}},"68":{"start":{"line":132,"column":8},"end":{"line":132,"column":43}},"69":{"start":{"line":134,"column":11},"end":{"line":138,"column":5}},"70":{"start":{"line":135,"column":8},"end":{"line":135,"column":39}},"71":{"start":{"line":136,"column":8},"end":{"line":136,"column":37}},"72":{"start":{"line":137,"column":8},"end":{"line":137,"column":55}},"73":{"start":{"line":140,"column":4},"end":{"line":147,"column":16}},"74":{"start":{"line":151,"column":4},"end":{"line":166,"column":10}},"75":{"start":{"line":152,"column":21},"end":{"line":152,"column":31}},"76":{"start":{"line":153,"column":21},"end":{"line":153,"column":80}},"77":{"start":{"line":155,"column":12},"end":{"line":155,"column":56}},"78":{"start":{"line":156,"column":12},"end":{"line":156,"column":60}},"79":{"start":{"line":157,"column":34},"end":{"line":157,"column":96}},"80":{"start":{"line":158,"column":12},"end":{"line":165,"column":14}},"81":{"start":{"line":159,"column":16},"end":{"line":161,"column":17}},"82":{"start":{"line":160,"column":20},"end":{"line":160,"column":44}},"83":{"start":{"line":162,"column":16},"end":{"line":164,"column":17}},"84":{"start":{"line":163,"column":20},"end":{"line":163,"column":43}},"85":{"start":{"line":170,"column":4},"end":{"line":181,"column":10}},"86":{"start":{"line":177,"column":12},"end":{"line":179,"column":14}},"87":{"start":{"line":178,"column":16},"end":{"line":178,"column":69}},"88":{"start":{"line":180,"column":12},"end":{"line":180,"column":22}},"89":{"start":{"line":183,"column":0},"end":{"line":183,"column":29}},"90":{"start":{"line":184,"column":0},"end":{"line":184,"column":27}},"91":{"start":{"line":185,"column":0},"end":{"line":185,"column":45}},"92":{"start":{"line":186,"column":0},"end":{"line":186,"column":47}},"93":{"start":{"line":187,"column":0},"end":{"line":187,"column":47}},"94":{"start":{"line":188,"column":0},"end":{"line":188,"column":49}},"95":{"start":{"line":189,"column":0},"end":{"line":189,"column":35}},"96":{"start":{"line":190,"column":0},"end":{"line":190,"column":39}},"97":{"start":{"line":191,"column":0},"end":{"line":191,"column":35}},"98":{"start":{"line":192,"column":0},"end":{"line":192,"column":37}}},"fnMap":{"0":{"name":"getDuplicate","decl":{"start":{"line":10,"column":15},"end":{"line":10,"column":27}},"loc":{"start":{"line":10,"column":44},"end":{"line":57,"column":1}},"line":10},"1":{"name":"(anonymous_1)","decl":{"start":{"line":26,"column":32},"end":{"line":26,"column":33}},"loc":{"start":{"line":26,"column":40},"end":{"line":32,"column":9}},"line":26},"2":{"name":"(anonymous_2)","decl":{"start":{"line":40,"column":32},"end":{"line":40,"column":33}},"loc":{"start":{"line":40,"column":40},"end":{"line":42,"column":9}},"line":40},"3":{"name":"(anonymous_3)","decl":{"start":{"line":45,"column":53},"end":{"line":45,"column":54}},"loc":{"start":{"line":45,"column":61},"end":{"line":45,"column":79}},"line":45},"4":{"name":"(anonymous_4)","decl":{"start":{"line":48,"column":32},"end":{"line":48,"column":33}},"loc":{"start":{"line":48,"column":40},"end":{"line":52,"column":9}},"line":48},"5":{"name":"markDuplicate","decl":{"start":{"line":59,"column":15},"end":{"line":59,"column":28}},"loc":{"start":{"line":59,"column":46},"end":{"line":66,"column":1}},"line":59},"6":{"name":"checkTimeStamp","decl":{"start":{"line":68,"column":9},"end":{"line":68,"column":23}},"loc":{"start":{"line":68,"column":44},"end":{"line":80,"column":1}},"line":68},"7":{"name":"(anonymous_7)","decl":{"start":{"line":73,"column":14},"end":{"line":73,"column":15}},"loc":{"start":{"line":73,"column":21},"end":{"line":79,"column":9}},"line":73},"8":{"name":"hasUserId","decl":{"start":{"line":82,"column":15},"end":{"line":82,"column":24}},"loc":{"start":{"line":82,"column":33},"end":{"line":87,"column":1}},"line":82},"9":{"name":"hasEmail","decl":{"start":{"line":89,"column":15},"end":{"line":89,"column":23}},"loc":{"start":{"line":89,"column":31},"end":{"line":94,"column":1}},"line":89},"10":{"name":"getIdByPermission","decl":{"start":{"line":96,"column":9},"end":{"line":96,"column":26}},"loc":{"start":{"line":96,"column":39},"end":{"line":107,"column":1}},"line":96},"11":{"name":"(anonymous_11)","decl":{"start":{"line":100,"column":14},"end":{"line":100,"column":15}},"loc":{"start":{"line":100,"column":24},"end":{"line":106,"column":9}},"line":100},"12":{"name":"getIdByIsModerated","decl":{"start":{"line":109,"column":9},"end":{"line":109,"column":27}},"loc":{"start":{"line":109,"column":41},"end":{"line":111,"column":1}},"line":109},"13":{"name":"(anonymous_13)","decl":{"start":{"line":110,"column":71},"end":{"line":110,"column":72}},"loc":{"start":{"line":110,"column":78},"end":{"line":110,"column":102}},"line":110},"14":{"name":"(anonymous_14)","decl":{"start":{"line":110,"column":86},"end":{"line":110,"column":87}},"loc":{"start":{"line":110,"column":94},"end":{"line":110,"column":101}},"line":110},"15":{"name":"getIdByModerStatus","decl":{"start":{"line":113,"column":9},"end":{"line":113,"column":27}},"loc":{"start":{"line":113,"column":41},"end":{"line":115,"column":1}},"line":113},"16":{"name":"(anonymous_16)","decl":{"start":{"line":114,"column":80},"end":{"line":114,"column":81}},"loc":{"start":{"line":114,"column":87},"end":{"line":114,"column":93}},"line":114},"17":{"name":"getPrepareForInsert","decl":{"start":{"line":117,"column":15},"end":{"line":117,"column":34}},"loc":{"start":{"line":117,"column":58},"end":{"line":148,"column":1}},"line":117},"18":{"name":"getGeoData","decl":{"start":{"line":150,"column":9},"end":{"line":150,"column":19}},"loc":{"start":{"line":150,"column":27},"end":{"line":167,"column":1}},"line":150},"19":{"name":"(anonymous_19)","decl":{"start":{"line":152,"column":14},"end":{"line":152,"column":15}},"loc":{"start":{"line":152,"column":21},"end":{"line":152,"column":31}},"line":152},"20":{"name":"(anonymous_20)","decl":{"start":{"line":153,"column":14},"end":{"line":153,"column":15}},"loc":{"start":{"line":153,"column":21},"end":{"line":153,"column":80}},"line":153},"21":{"name":"(anonymous_21)","decl":{"start":{"line":154,"column":14},"end":{"line":154,"column":15}},"loc":{"start":{"line":154,"column":27},"end":{"line":166,"column":9}},"line":154},"22":{"name":"(anonymous_22)","decl":{"start":{"line":158,"column":34},"end":{"line":158,"column":35}},"loc":{"start":{"line":158,"column":44},"end":{"line":165,"column":13}},"line":158},"23":{"name":"getPointUser","decl":{"start":{"line":169,"column":15},"end":{"line":169,"column":27}},"loc":{"start":{"line":169,"column":45},"end":{"line":182,"column":1}},"line":169},"24":{"name":"(anonymous_24)","decl":{"start":{"line":176,"column":14},"end":{"line":176,"column":15}},"loc":{"start":{"line":176,"column":21},"end":{"line":181,"column":9}},"line":176},"25":{"name":"(anonymous_25)","decl":{"start":{"line":177,"column":24},"end":{"line":177,"column":25}},"loc":{"start":{"line":177,"column":32},"end":{"line":179,"column":13}},"line":177}},"branchMap":{"0":{"loc":{"start":{"line":25,"column":4},"end":{"line":56,"column":5}},"type":"if","locations":[{"start":{"line":25,"column":4},"end":{"line":56,"column":5}},{"start":{"line":25,"column":4},"end":{"line":56,"column":5}}],"line":25},"1":{"loc":{"start":{"line":25,"column":8},"end":{"line":25,"column":96}},"type":"binary-expr","locations":[{"start":{"line":25,"column":8},"end":{"line":25,"column":26}},{"start":{"line":25,"column":30},"end":{"line":25,"column":96}}],"line":25},"2":{"loc":{"start":{"line":25,"column":32},"end":{"line":25,"column":95}},"type":"binary-expr","locations":[{"start":{"line":25,"column":32},"end":{"line":25,"column":59}},{"start":{"line":25,"column":63},"end":{"line":25,"column":95}}],"line":25},"3":{"loc":{"start":{"line":27,"column":12},"end":{"line":31,"column":13}},"type":"if","locations":[{"start":{"line":27,"column":12},"end":{"line":31,"column":13}},{"start":{"line":27,"column":12},"end":{"line":31,"column":13}}],"line":27},"4":{"loc":{"start":{"line":34,"column":8},"end":{"line":38,"column":9}},"type":"if","locations":[{"start":{"line":34,"column":8},"end":{"line":38,"column":9}},{"start":{"line":34,"column":8},"end":{"line":38,"column":9}}],"line":34},"5":{"loc":{"start":{"line":44,"column":8},"end":{"line":46,"column":9}},"type":"if","locations":[{"start":{"line":44,"column":8},"end":{"line":46,"column":9}},{"start":{"line":44,"column":8},"end":{"line":46,"column":9}}],"line":44},"6":{"loc":{"start":{"line":60,"column":4},"end":{"line":65,"column":5}},"type":"if","locations":[{"start":{"line":60,"column":4},"end":{"line":65,"column":5}},{"start":{"line":60,"column":4},"end":{"line":65,"column":5}}],"line":60},"7":{"loc":{"start":{"line":63,"column":11},"end":{"line":65,"column":5}},"type":"if","locations":[{"start":{"line":63,"column":11},"end":{"line":65,"column":5}},{"start":{"line":63,"column":11},"end":{"line":65,"column":5}}],"line":63},"8":{"loc":{"start":{"line":69,"column":4},"end":{"line":69,"column":68}},"type":"if","locations":[{"start":{"line":69,"column":4},"end":{"line":69,"column":68}},{"start":{"line":69,"column":4},"end":{"line":69,"column":68}}],"line":69},"9":{"loc":{"start":{"line":74,"column":12},"end":{"line":78,"column":13}},"type":"if","locations":[{"start":{"line":74,"column":12},"end":{"line":78,"column":13}},{"start":{"line":74,"column":12},"end":{"line":78,"column":13}}],"line":74},"10":{"loc":{"start":{"line":101,"column":12},"end":{"line":105,"column":13}},"type":"if","locations":[{"start":{"line":101,"column":12},"end":{"line":105,"column":13}},{"start":{"line":101,"column":12},"end":{"line":105,"column":13}}],"line":101},"11":{"loc":{"start":{"line":117,"column":43},"end":{"line":117,"column":56}},"type":"default-arg","locations":[{"start":{"line":117,"column":50},"end":{"line":117,"column":56}}],"line":117},"12":{"loc":{"start":{"line":119,"column":4},"end":{"line":138,"column":5}},"type":"if","locations":[{"start":{"line":119,"column":4},"end":{"line":138,"column":5}},{"start":{"line":119,"column":4},"end":{"line":138,"column":5}}],"line":119},"13":{"loc":{"start":{"line":120,"column":8},"end":{"line":124,"column":9}},"type":"if","locations":[{"start":{"line":120,"column":8},"end":{"line":124,"column":9}},{"start":{"line":120,"column":8},"end":{"line":124,"column":9}}],"line":120},"14":{"loc":{"start":{"line":120,"column":12},"end":{"line":120,"column":38}},"type":"binary-expr","locations":[{"start":{"line":120,"column":12},"end":{"line":120,"column":23}},{"start":{"line":120,"column":27},"end":{"line":120,"column":38}}],"line":120},"15":{"loc":{"start":{"line":126,"column":8},"end":{"line":130,"column":9}},"type":"switch","locations":[{"start":{"line":127,"column":12},"end":{"line":127,"column":24}},{"start":{"line":127,"column":25},"end":{"line":127,"column":34}},{"start":{"line":127,"column":35},"end":{"line":127,"column":73}},{"start":{"line":128,"column":12},"end":{"line":128,"column":25}},{"start":{"line":128,"column":26},"end":{"line":128,"column":35}},{"start":{"line":128,"column":36},"end":{"line":128,"column":75}},{"start":{"line":129,"column":12},"end":{"line":129,"column":22}},{"start":{"line":129,"column":23},"end":{"line":129,"column":35}},{"start":{"line":129,"column":36},"end":{"line":129,"column":80}}],"line":126},"16":{"loc":{"start":{"line":134,"column":11},"end":{"line":138,"column":5}},"type":"if","locations":[{"start":{"line":134,"column":11},"end":{"line":138,"column":5}},{"start":{"line":134,"column":11},"end":{"line":138,"column":5}}],"line":134},"17":{"loc":{"start":{"line":159,"column":16},"end":{"line":161,"column":17}},"type":"if","locations":[{"start":{"line":159,"column":16},"end":{"line":161,"column":17}},{"start":{"line":159,"column":16},"end":{"line":161,"column":17}}],"line":159},"18":{"loc":{"start":{"line":162,"column":16},"end":{"line":164,"column":17}},"type":"if","locations":[{"start":{"line":162,"column":16},"end":{"line":164,"column":17}},{"start":{"line":162,"column":16},"end":{"line":164,"column":17}}],"line":162}},"s":{"0":1,"1":1,"2":1,"3":1,"4":1,"5":1,"6":1,"7":1,"8":1,"9":1,"10":1,"11":1,"12":1,"13":1,"14":1,"15":1,"16":0,"17":0,"18":0,"19":0,"20":0,"21":0,"22":0,"23":0,"24":0,"25":0,"26":0,"27":0,"28":0,"29":0,"30":0,"31":0,"32":1,"33":1,"34":0,"35":0,"36":1,"37":1,"38":0,"39":0,"40":0,"41":0,"42":0,"43":0,"44":0,"45":6,"46":1,"47":1,"48":1,"49":0,"50":1,"51":1,"52":1,"53":1,"54":1,"55":1,"56":1,"57":1,"58":1,"59":1,"60":1,"61":1,"62":0,"63":0,"64":0,"65":0,"66":0,"67":0,"68":1,"69":0,"70":0,"71":0,"72":0,"73":1,"74":1,"75":1,"76":1,"77":1,"78":1,"79":1,"80":1,"81":6,"82":1,"83":6,"84":1,"85":1,"86":1,"87":1,"88":1,"89":1,"90":1,"91":1,"92":1,"93":1,"94":1,"95":1,"96":1,"97":1,"98":1},"f":{"0":1,"1":0,"2":0,"3":0,"4":0,"5":1,"6":0,"7":0,"8":0,"9":6,"10":1,"11":1,"12":1,"13":1,"14":1,"15":1,"16":1,"17":1,"18":1,"19":1,"20":1,"21":1,"22":6,"23":1,"24":1,"25":1},"b":{"0":[0,1],"1":[1,0],"2":[0,0],"3":[0,0],"4":[0,0],"5":[0,0],"6":[0,1],"7":[1,0],"8":[0,0],"9":[0,0],"10":[1,0],"11":[1],"12":[1,0],"13":[1,0],"14":[1,1],"15":[0,0,0,0,0,0,0,0,0],"16":[0,0],"17":[1,5],"18":[1,5]},"_coverageSchema":"1a1c01bbd47fc00a2c39e90264f33305004495a9","hash":"0d209aaef6516bf2645b3352fe8f2dc2a8912205"}
,"C:\\Users\\Proger\\Documents\\pointsAdminApp\\backend\\src\\model\\orm\\moder_status.js": {"path":"C:\\Users\\Proger\\Documents\\pointsAdminApp\\backend\\src\\model\\orm\\moder_status.js","statementMap":{"0":{"start":{"line":2,"column":13},"end":{"line":2,"column":28}},"1":{"start":{"line":3,"column":17},"end":{"line":3,"column":52}},"2":{"start":{"line":5,"column":18},"end":{"line":5,"column":38}},"3":{"start":{"line":7,"column":13},"end":{"line":7,"column":27}},"4":{"start":{"line":9,"column":0},"end":{"line":9,"column":16}},"5":{"start":{"line":11,"column":0},"end":{"line":43,"column":1}},"6":{"start":{"line":13,"column":8},"end":{"line":13,"column":31}},"7":{"start":{"line":18,"column":21},"end":{"line":18,"column":38}},"8":{"start":{"line":20,"column":8},"end":{"line":29,"column":9}},"9":{"start":{"line":33,"column":8},"end":{"line":41,"column":9}}},"fnMap":{"0":{"name":"(anonymous_0)","decl":{"start":{"line":12,"column":4},"end":{"line":12,"column":5}},"loc":{"start":{"line":12,"column":27},"end":{"line":14,"column":5}},"line":12},"1":{"name":"(anonymous_1)","decl":{"start":{"line":16,"column":4},"end":{"line":16,"column":5}},"loc":{"start":{"line":16,"column":34},"end":{"line":30,"column":5}},"line":16},"2":{"name":"(anonymous_2)","decl":{"start":{"line":32,"column":4},"end":{"line":32,"column":5}},"loc":{"start":{"line":32,"column":28},"end":{"line":42,"column":5}},"line":32}},"branchMap":{},"s":{"0":1,"1":1,"2":1,"3":1,"4":1,"5":1,"6":28,"7":0,"8":0,"9":1},"f":{"0":28,"1":0,"2":1},"b":{},"_coverageSchema":"1a1c01bbd47fc00a2c39e90264f33305004495a9","hash":"b10980db1b416f1e24f3de39f4aedd106a4075e1"}
,"C:\\Users\\Proger\\Documents\\pointsAdminApp\\backend\\src\\model\\orm\\permission.js": {"path":"C:\\Users\\Proger\\Documents\\pointsAdminApp\\backend\\src\\model\\orm\\permission.js","statementMap":{"0":{"start":{"line":2,"column":13},"end":{"line":2,"column":28}},"1":{"start":{"line":3,"column":17},"end":{"line":3,"column":52}},"2":{"start":{"line":5,"column":18},"end":{"line":5,"column":38}},"3":{"start":{"line":7,"column":13},"end":{"line":7,"column":27}},"4":{"start":{"line":9,"column":0},"end":{"line":9,"column":16}},"5":{"start":{"line":11,"column":0},"end":{"line":43,"column":1}},"6":{"start":{"line":13,"column":8},"end":{"line":13,"column":28}},"7":{"start":{"line":18,"column":21},"end":{"line":18,"column":38}},"8":{"start":{"line":20,"column":8},"end":{"line":29,"column":9}},"9":{"start":{"line":33,"column":8},"end":{"line":41,"column":9}}},"fnMap":{"0":{"name":"(anonymous_0)","decl":{"start":{"line":12,"column":4},"end":{"line":12,"column":5}},"loc":{"start":{"line":12,"column":27},"end":{"line":14,"column":5}},"line":12},"1":{"name":"(anonymous_1)","decl":{"start":{"line":16,"column":4},"end":{"line":16,"column":5}},"loc":{"start":{"line":16,"column":34},"end":{"line":30,"column":5}},"line":16},"2":{"name":"(anonymous_2)","decl":{"start":{"line":32,"column":4},"end":{"line":32,"column":5}},"loc":{"start":{"line":32,"column":28},"end":{"line":42,"column":5}},"line":32}},"branchMap":{},"s":{"0":1,"1":1,"2":1,"3":1,"4":1,"5":1,"6":156,"7":0,"8":0,"9":1},"f":{"0":156,"1":0,"2":1},"b":{},"_coverageSchema":"1a1c01bbd47fc00a2c39e90264f33305004495a9","hash":"5d688859b24fa5bb32d6bffb360116371d98a01f"}
,"C:\\Users\\Proger\\Documents\\pointsAdminApp\\backend\\src\\model\\orm\\shop.js": {"path":"C:\\Users\\Proger\\Documents\\pointsAdminApp\\backend\\src\\model\\orm\\shop.js","statementMap":{"0":{"start":{"line":2,"column":13},"end":{"line":2,"column":28}},"1":{"start":{"line":3,"column":17},"end":{"line":3,"column":52}},"2":{"start":{"line":5,"column":18},"end":{"line":5,"column":38}},"3":{"start":{"line":8,"column":13},"end":{"line":8,"column":27}},"4":{"start":{"line":10,"column":0},"end":{"line":10,"column":16}},"5":{"start":{"line":12,"column":0},"end":{"line":55,"column":1}},"6":{"start":{"line":14,"column":8},"end":{"line":14,"column":22}},"7":{"start":{"line":18,"column":21},"end":{"line":18,"column":38}},"8":{"start":{"line":19,"column":29},"end":{"line":19,"column":54}},"9":{"start":{"line":21,"column":8},"end":{"line":39,"column":9}},"10":{"start":{"line":43,"column":8},"end":{"line":53,"column":9}}},"fnMap":{"0":{"name":"(anonymous_0)","decl":{"start":{"line":13,"column":4},"end":{"line":13,"column":5}},"loc":{"start":{"line":13,"column":27},"end":{"line":15,"column":5}},"line":13},"1":{"name":"(anonymous_1)","decl":{"start":{"line":17,"column":4},"end":{"line":17,"column":5}},"loc":{"start":{"line":17,"column":34},"end":{"line":40,"column":5}},"line":17},"2":{"name":"(anonymous_2)","decl":{"start":{"line":42,"column":4},"end":{"line":42,"column":5}},"loc":{"start":{"line":42,"column":28},"end":{"line":54,"column":5}},"line":42}},"branchMap":{},"s":{"0":1,"1":1,"2":1,"3":1,"4":1,"5":1,"6":72,"7":1,"8":1,"9":1,"10":1},"f":{"0":72,"1":1,"2":1},"b":{},"_coverageSchema":"1a1c01bbd47fc00a2c39e90264f33305004495a9","hash":"f5967d7a2317762189242972928d6363e44d1224"}
,"C:\\Users\\Proger\\Documents\\pointsAdminApp\\backend\\src\\model\\orm\\user.js": {"path":"C:\\Users\\Proger\\Documents\\pointsAdminApp\\backend\\src\\model\\orm\\user.js","statementMap":{"0":{"start":{"line":2,"column":13},"end":{"line":2,"column":28}},"1":{"start":{"line":3,"column":17},"end":{"line":3,"column":52}},"2":{"start":{"line":5,"column":17},"end":{"line":5,"column":48}},"3":{"start":{"line":6,"column":18},"end":{"line":6,"column":38}},"4":{"start":{"line":8,"column":13},"end":{"line":8,"column":27}},"5":{"start":{"line":10,"column":0},"end":{"line":10,"column":16}},"6":{"start":{"line":12,"column":0},"end":{"line":56,"column":1}},"7":{"start":{"line":14,"column":8},"end":{"line":14,"column":22}},"8":{"start":{"line":18,"column":8},"end":{"line":28,"column":9}},"9":{"start":{"line":33,"column":27},"end":{"line":33,"column":50}},"10":{"start":{"line":34,"column":21},"end":{"line":34,"column":38}},"11":{"start":{"line":36,"column":8},"end":{"line":54,"column":9}}},"fnMap":{"0":{"name":"(anonymous_0)","decl":{"start":{"line":13,"column":4},"end":{"line":13,"column":5}},"loc":{"start":{"line":13,"column":27},"end":{"line":15,"column":5}},"line":13},"1":{"name":"(anonymous_1)","decl":{"start":{"line":17,"column":4},"end":{"line":17,"column":5}},"loc":{"start":{"line":17,"column":28},"end":{"line":29,"column":5}},"line":17},"2":{"name":"(anonymous_2)","decl":{"start":{"line":31,"column":4},"end":{"line":31,"column":5}},"loc":{"start":{"line":31,"column":34},"end":{"line":55,"column":5}},"line":31}},"branchMap":{},"s":{"0":2,"1":2,"2":2,"3":2,"4":2,"5":2,"6":2,"7":157,"8":1,"9":1,"10":1,"11":1},"f":{"0":157,"1":1,"2":1},"b":{},"_coverageSchema":"1a1c01bbd47fc00a2c39e90264f33305004495a9","hash":"c47b2724de91af8986fc86e802658555e7b57bff"}
}
