TN:
SF:serverConfig.js
FNF:0
FNH:0
DA:1,2
LF:1
LH:1
BRF:0
BRH:0
end_of_record
TN:
SF:src\middlewares\passport.js
FN:6,(anonymous_0)
FN:8,(anonymous_1)
FN:12,(anonymous_2)
FN:13,(anonymous_3)
FN:18,(anonymous_4)
FN:19,(anonymous_5)
FN:29,(anonymous_6)
FN:30,(anonymous_7)
FNF:8
FNH:2
FNDA:0,(anonymous_0)
FNDA:0,(anonymous_1)
FNDA:0,(anonymous_2)
FNDA:0,(anonymous_3)
FNDA:0,(anonymous_4)
FNDA:0,(anonymous_5)
FNDA:6,(anonymous_6)
FNDA:6,(anonymous_7)
DA:2,1
DA:3,1
DA:4,1
DA:6,1
DA:8,0
DA:9,0
DA:12,0
DA:13,0
DA:16,0
DA:19,0
DA:20,0
DA:25,0
DA:26,0
DA:29,1
DA:30,6
DA:31,6
DA:33,5
DA:36,4
DA:38,1
DA:41,1
LF:20
LH:11
BRDA:20,0,0,0
BRDA:20,0,1,0
BRDA:31,1,0,5
BRDA:31,1,1,1
BRDA:33,2,0,4
BRDA:33,2,1,1
BRDA:33,3,0,5
BRDA:33,3,1,3
BRDA:33,3,2,4
BRDA:33,3,3,2
BRDA:33,3,4,2
BRF:11
BRH:9
end_of_record
TN:
SF:src\model\adminPanelApi\admin.js
FN:8,editUser
FN:19,(anonymous_1)
FN:28,addUser
FN:45,(anonymous_3)
FN:49,getUsers
FN:55,(anonymous_5)
FN:56,(anonymous_6)
FN:63,getPermission
FNF:8
FNH:8
FNDA:2,editUser
FNDA:2,(anonymous_1)
FNDA:5,addUser
FNDA:2,(anonymous_3)
FNDA:5,getUsers
FNDA:5,(anonymous_5)
FNDA:22,(anonymous_6)
FNDA:3,getPermission
DA:2,1
DA:4,1
DA:5,1
DA:9,2
DA:10,2
DA:11,0
DA:14,2
DA:20,2
DA:21,2
DA:23,0
DA:29,5
DA:31,5
DA:32,1
DA:35,4
DA:37,4
DA:38,1
DA:41,3
DA:42,1
DA:45,2
DA:46,2
DA:50,5
DA:56,5
DA:57,22
DA:59,5
DA:64,3
DA:71,1
DA:72,1
DA:73,1
DA:74,1
LF:29
LH:27
BRDA:9,0,0,1
BRDA:9,0,1,1
BRDA:10,1,0,0
BRDA:10,1,1,2
BRDA:20,2,0,2
BRDA:20,2,1,0
BRDA:31,3,0,1
BRDA:31,3,1,4
BRDA:35,4,0,4
BRDA:35,4,1,0
BRDA:37,5,0,1
BRDA:37,5,1,3
BRDA:41,6,0,1
BRDA:41,6,1,2
BRF:14
BRH:11
end_of_record
TN:
SF:src\model\adminPanelApi\others.js
FN:4,getUserById
FN:8,checkLoginPassword
FN:15,(anonymous_2)
FNF:3
FNH:0
FNDA:0,getUserById
FNDA:0,checkLoginPassword
FNDA:0,(anonymous_2)
DA:2,1
DA:5,0
DA:9,0
DA:10,0
DA:16,0
DA:20,1
DA:21,1
LF:7
LH:3
BRDA:16,0,0,0
BRDA:16,0,1,0
BRDA:16,1,0,0
BRDA:16,1,1,0
BRF:4
BRH:0
end_of_record
TN:
SF:src\model\adminPanelApi\utilityFn.js
FN:10,getDuplicate
FN:26,(anonymous_1)
FN:40,(anonymous_2)
FN:45,(anonymous_3)
FN:48,(anonymous_4)
FN:59,markDuplicate
FN:68,checkTimeStamp
FN:73,(anonymous_7)
FN:82,hasEmail
FN:89,getIdByPermission
FN:93,(anonymous_10)
FN:102,getIdByIsModerated
FN:103,(anonymous_12)
FN:103,(anonymous_13)
FN:106,getIdByModerStatus
FN:107,(anonymous_15)
FN:110,getPrepareForInsert
FN:143,getGeoData
FN:145,(anonymous_18)
FN:146,(anonymous_19)
FN:147,(anonymous_20)
FN:151,(anonymous_21)
FN:162,getPointUser
FN:169,(anonymous_23)
FN:170,(anonymous_24)
FNF:25
FNH:1
FNDA:0,getDuplicate
FNDA:0,(anonymous_1)
FNDA:0,(anonymous_2)
FNDA:0,(anonymous_3)
FNDA:0,(anonymous_4)
FNDA:0,markDuplicate
FNDA:0,checkTimeStamp
FNDA:0,(anonymous_7)
FNDA:3,hasEmail
FNDA:0,getIdByPermission
FNDA:0,(anonymous_10)
FNDA:0,getIdByIsModerated
FNDA:0,(anonymous_12)
FNDA:0,(anonymous_13)
FNDA:0,getIdByModerStatus
FNDA:0,(anonymous_15)
FNDA:0,getPrepareForInsert
FNDA:0,getGeoData
FNDA:0,(anonymous_18)
FNDA:0,(anonymous_19)
FNDA:0,(anonymous_20)
FNDA:0,(anonymous_21)
FNDA:0,getPointUser
FNDA:0,(anonymous_23)
FNDA:0,(anonymous_24)
DA:2,1
DA:3,1
DA:4,1
DA:5,1
DA:6,1
DA:7,1
DA:8,1
DA:11,0
DA:12,0
DA:13,0
DA:14,0
DA:18,0
DA:22,0
DA:23,0
DA:24,0
DA:25,0
DA:26,0
DA:27,0
DA:28,0
DA:30,0
DA:34,0
DA:35,0
DA:40,0
DA:41,0
DA:44,0
DA:45,0
DA:48,0
DA:49,0
DA:50,0
DA:51,0
DA:53,0
DA:55,0
DA:60,0
DA:61,0
DA:62,0
DA:63,0
DA:64,0
DA:69,0
DA:70,0
DA:74,0
DA:75,0
DA:77,0
DA:83,3
DA:90,0
DA:94,0
DA:95,0
DA:97,0
DA:103,0
DA:107,0
DA:111,0
DA:112,0
DA:113,0
DA:114,0
DA:115,0
DA:116,0
DA:119,0
DA:120,0
DA:121,0
DA:122,0
DA:125,0
DA:127,0
DA:128,0
DA:129,0
DA:130,0
DA:133,0
DA:144,0
DA:145,0
DA:146,0
DA:148,0
DA:149,0
DA:150,0
DA:151,0
DA:152,0
DA:153,0
DA:155,0
DA:156,0
DA:163,0
DA:170,0
DA:171,0
DA:173,0
DA:177,1
DA:178,1
DA:179,1
DA:180,1
DA:181,1
DA:182,1
DA:183,1
DA:184,1
DA:185,1
LF:89
LH:17
BRDA:25,0,0,0
BRDA:25,0,1,0
BRDA:25,1,0,0
BRDA:25,1,1,0
BRDA:25,2,0,0
BRDA:25,2,1,0
BRDA:27,3,0,0
BRDA:27,3,1,0
BRDA:34,4,0,0
BRDA:34,4,1,0
BRDA:44,5,0,0
BRDA:44,5,1,0
BRDA:60,6,0,0
BRDA:60,6,1,0
BRDA:63,7,0,0
BRDA:63,7,1,0
BRDA:69,8,0,0
BRDA:69,8,1,0
BRDA:74,9,0,0
BRDA:74,9,1,0
BRDA:94,10,0,0
BRDA:94,10,1,0
BRDA:110,11,0,0
BRDA:112,12,0,0
BRDA:112,12,1,0
BRDA:113,13,0,0
BRDA:113,13,1,0
BRDA:113,14,0,0
BRDA:113,14,1,0
BRDA:119,15,0,0
BRDA:119,15,1,0
BRDA:119,15,2,0
BRDA:119,15,3,0
BRDA:119,15,4,0
BRDA:119,15,5,0
BRDA:119,15,6,0
BRDA:119,15,7,0
BRDA:119,15,8,0
BRDA:127,16,0,0
BRDA:127,16,1,0
BRDA:152,17,0,0
BRDA:152,17,1,0
BRDA:155,18,0,0
BRDA:155,18,1,0
BRF:44
BRH:0
end_of_record
TN:
SF:src\model\orm\moder_status.js
FN:12,(anonymous_0)
FN:16,(anonymous_1)
FN:32,(anonymous_2)
FNF:3
FNH:0
FNDA:0,(anonymous_0)
FNDA:0,(anonymous_1)
FNDA:0,(anonymous_2)
DA:2,1
DA:3,1
DA:5,1
DA:7,1
DA:9,1
DA:11,1
DA:13,0
DA:18,0
DA:20,0
DA:33,0
LF:10
LH:6
BRF:0
BRH:0
end_of_record
TN:
SF:src\model\orm\permission.js
FN:12,(anonymous_0)
FN:16,(anonymous_1)
FN:32,(anonymous_2)
FNF:3
FNH:2
FNDA:78,(anonymous_0)
FNDA:0,(anonymous_1)
FNDA:1,(anonymous_2)
DA:2,1
DA:3,1
DA:5,1
DA:7,1
DA:9,1
DA:11,1
DA:13,78
DA:18,0
DA:20,0
DA:33,1
LF:10
LH:8
BRF:0
BRH:0
end_of_record
TN:
SF:src\model\orm\shop.js
FN:13,(anonymous_0)
FN:17,(anonymous_1)
FN:42,(anonymous_2)
FNF:3
FNH:0
FNDA:0,(anonymous_0)
FNDA:0,(anonymous_1)
FNDA:0,(anonymous_2)
DA:2,1
DA:3,1
DA:5,1
DA:8,1
DA:10,1
DA:12,1
DA:14,0
DA:18,0
DA:19,0
DA:21,0
DA:43,0
LF:11
LH:6
BRF:0
BRH:0
end_of_record
TN:
SF:src\model\orm\user.js
FN:13,(anonymous_0)
FN:17,(anonymous_1)
FN:31,(anonymous_2)
FNF:3
FNH:3
FNDA:88,(anonymous_0)
FNDA:1,(anonymous_1)
FNDA:1,(anonymous_2)
DA:2,2
DA:3,2
DA:5,2
DA:6,2
DA:8,2
DA:10,2
DA:12,2
DA:14,88
DA:18,1
DA:33,1
DA:34,1
DA:36,1
LF:12
LH:12
BRF:0
BRH:0
end_of_record
