TN:
SF:serverConfig.js
FNF:0
FNH:0
DA:1,2
LF:1
LH:1
BRF:0
BRH:0
end_of_record
TN:
SF:src\middlewares\passport.js
FN:6,(anonymous_0)
FN:8,(anonymous_1)
FN:12,(anonymous_2)
FN:13,(anonymous_3)
FN:18,(anonymous_4)
FN:19,(anonymous_5)
FN:29,(anonymous_6)
FN:30,(anonymous_7)
FNF:8
FNH:2
FNDA:0,(anonymous_0)
FNDA:0,(anonymous_1)
FNDA:0,(anonymous_2)
FNDA:0,(anonymous_3)
FNDA:0,(anonymous_4)
FNDA:0,(anonymous_5)
FNDA:6,(anonymous_6)
FNDA:6,(anonymous_7)
DA:2,1
DA:3,1
DA:4,1
DA:6,1
DA:8,0
DA:9,0
DA:12,0
DA:13,0
DA:16,0
DA:19,0
DA:20,0
DA:25,0
DA:26,0
DA:29,1
DA:30,6
DA:31,6
DA:33,5
DA:36,4
DA:38,1
DA:41,1
LF:20
LH:11
BRDA:20,0,0,0
BRDA:20,0,1,0
BRDA:31,1,0,5
BRDA:31,1,1,1
BRDA:33,2,0,4
BRDA:33,2,1,1
BRDA:33,3,0,5
BRDA:33,3,1,3
BRDA:33,3,2,4
BRDA:33,3,3,2
BRDA:33,3,4,2
BRF:11
BRH:9
end_of_record
TN:
SF:src\model\adminPanelApi\admin.js
FN:8,editUser
FN:19,(anonymous_1)
FN:28,addUser
FN:45,(anonymous_3)
FN:49,getUsers
FN:55,(anonymous_5)
FN:56,(anonymous_6)
FN:63,getPermission
FNF:8
FNH:8
FNDA:2,editUser
FNDA:2,(anonymous_1)
FNDA:7,addUser
FNDA:4,(anonymous_3)
FNDA:7,getUsers
FNDA:7,(anonymous_5)
FNDA:24,(anonymous_6)
FNDA:5,getPermission
DA:2,1
DA:4,1
DA:5,1
DA:9,2
DA:10,2
DA:11,0
DA:14,2
DA:20,2
DA:21,2
DA:23,0
DA:29,7
DA:31,7
DA:32,1
DA:35,6
DA:37,6
DA:38,1
DA:41,5
DA:42,1
DA:45,4
DA:46,4
DA:50,7
DA:56,7
DA:57,24
DA:59,7
DA:64,5
DA:71,1
DA:72,1
DA:73,1
DA:74,1
LF:29
LH:27
BRDA:9,0,0,1
BRDA:9,0,1,1
BRDA:10,1,0,0
BRDA:10,1,1,2
BRDA:20,2,0,2
BRDA:20,2,1,0
BRDA:31,3,0,1
BRDA:31,3,1,6
BRDA:35,4,0,6
BRDA:35,4,1,0
BRDA:37,5,0,1
BRDA:37,5,1,5
BRDA:41,6,0,1
BRDA:41,6,1,4
BRF:14
BRH:11
end_of_record
TN:
SF:src\model\adminPanelApi\others.js
FN:4,getUserById
FN:8,checkLoginPassword
FN:16,(anonymous_2)
FNF:3
FNH:3
FNDA:1,getUserById
FNDA:6,checkLoginPassword
FNDA:3,(anonymous_2)
DA:2,2
DA:5,1
DA:9,6
DA:10,6
DA:11,3
DA:17,3
DA:21,2
DA:22,2
LF:8
LH:8
BRDA:9,0,0,4
BRDA:9,0,1,2
BRDA:10,1,0,3
BRDA:10,1,1,3
BRDA:10,2,0,6
BRDA:10,2,1,4
BRDA:17,3,0,1
BRDA:17,3,1,2
BRDA:17,4,0,3
BRDA:17,4,1,2
BRF:10
BRH:10
end_of_record
TN:
SF:src\model\adminPanelApi\utilityFn.js
FN:10,getDuplicate
FN:26,(anonymous_1)
FN:40,(anonymous_2)
FN:45,(anonymous_3)
FN:48,(anonymous_4)
FN:59,markDuplicate
FN:68,checkTimeStamp
FN:73,(anonymous_7)
FN:82,hasUserId
FN:89,hasEmail
FN:96,getIdByPermission
FN:100,(anonymous_11)
FN:109,getIdByIsModerated
FN:110,(anonymous_13)
FN:110,(anonymous_14)
FN:113,getIdByModerStatus
FN:114,(anonymous_16)
FN:117,getPrepareForInsert
FN:150,getGeoData
FN:152,(anonymous_19)
FN:153,(anonymous_20)
FN:154,(anonymous_21)
FN:158,(anonymous_22)
FN:169,getPointUser
FN:176,(anonymous_24)
FN:177,(anonymous_25)
FNF:26
FNH:1
FNDA:0,getDuplicate
FNDA:0,(anonymous_1)
FNDA:0,(anonymous_2)
FNDA:0,(anonymous_3)
FNDA:0,(anonymous_4)
FNDA:0,markDuplicate
FNDA:0,checkTimeStamp
FNDA:0,(anonymous_7)
FNDA:0,hasUserId
FNDA:5,hasEmail
FNDA:0,getIdByPermission
FNDA:0,(anonymous_11)
FNDA:0,getIdByIsModerated
FNDA:0,(anonymous_13)
FNDA:0,(anonymous_14)
FNDA:0,getIdByModerStatus
FNDA:0,(anonymous_16)
FNDA:0,getPrepareForInsert
FNDA:0,getGeoData
FNDA:0,(anonymous_19)
FNDA:0,(anonymous_20)
FNDA:0,(anonymous_21)
FNDA:0,(anonymous_22)
FNDA:0,getPointUser
FNDA:0,(anonymous_24)
FNDA:0,(anonymous_25)
DA:2,1
DA:3,1
DA:4,1
DA:5,1
DA:6,1
DA:7,1
DA:8,1
DA:11,0
DA:12,0
DA:13,0
DA:14,0
DA:18,0
DA:22,0
DA:23,0
DA:24,0
DA:25,0
DA:26,0
DA:27,0
DA:28,0
DA:30,0
DA:34,0
DA:35,0
DA:40,0
DA:41,0
DA:44,0
DA:45,0
DA:48,0
DA:49,0
DA:50,0
DA:51,0
DA:53,0
DA:55,0
DA:60,0
DA:61,0
DA:62,0
DA:63,0
DA:64,0
DA:69,0
DA:70,0
DA:74,0
DA:75,0
DA:77,0
DA:83,0
DA:90,5
DA:97,0
DA:101,0
DA:102,0
DA:104,0
DA:110,0
DA:114,0
DA:118,0
DA:119,0
DA:120,0
DA:121,0
DA:122,0
DA:123,0
DA:126,0
DA:127,0
DA:128,0
DA:129,0
DA:132,0
DA:134,0
DA:135,0
DA:136,0
DA:137,0
DA:140,0
DA:151,0
DA:152,0
DA:153,0
DA:155,0
DA:156,0
DA:157,0
DA:158,0
DA:159,0
DA:160,0
DA:162,0
DA:163,0
DA:170,0
DA:177,0
DA:178,0
DA:180,0
DA:183,1
DA:184,1
DA:185,1
DA:186,1
DA:187,1
DA:188,1
DA:189,1
DA:190,1
DA:191,1
DA:192,1
LF:91
LH:18
BRDA:25,0,0,0
BRDA:25,0,1,0
BRDA:25,1,0,0
BRDA:25,1,1,0
BRDA:25,2,0,0
BRDA:25,2,1,0
BRDA:27,3,0,0
BRDA:27,3,1,0
BRDA:34,4,0,0
BRDA:34,4,1,0
BRDA:44,5,0,0
BRDA:44,5,1,0
BRDA:60,6,0,0
BRDA:60,6,1,0
BRDA:63,7,0,0
BRDA:63,7,1,0
BRDA:69,8,0,0
BRDA:69,8,1,0
BRDA:74,9,0,0
BRDA:74,9,1,0
BRDA:101,10,0,0
BRDA:101,10,1,0
BRDA:117,11,0,0
BRDA:119,12,0,0
BRDA:119,12,1,0
BRDA:120,13,0,0
BRDA:120,13,1,0
BRDA:120,14,0,0
BRDA:120,14,1,0
BRDA:126,15,0,0
BRDA:126,15,1,0
BRDA:126,15,2,0
BRDA:126,15,3,0
BRDA:126,15,4,0
BRDA:126,15,5,0
BRDA:126,15,6,0
BRDA:126,15,7,0
BRDA:126,15,8,0
BRDA:134,16,0,0
BRDA:134,16,1,0
BRDA:159,17,0,0
BRDA:159,17,1,0
BRDA:162,18,0,0
BRDA:162,18,1,0
BRF:44
BRH:0
end_of_record
TN:
SF:src\model\orm\moder_status.js
FN:12,(anonymous_0)
FN:16,(anonymous_1)
FN:32,(anonymous_2)
FNF:3
FNH:0
FNDA:0,(anonymous_0)
FNDA:0,(anonymous_1)
FNDA:0,(anonymous_2)
DA:2,1
DA:3,1
DA:5,1
DA:7,1
DA:9,1
DA:11,1
DA:13,0
DA:18,0
DA:20,0
DA:33,0
LF:10
LH:6
BRF:0
BRH:0
end_of_record
TN:
SF:src\model\orm\permission.js
FN:12,(anonymous_0)
FN:16,(anonymous_1)
FN:32,(anonymous_2)
FNF:3
FNH:2
FNDA:139,(anonymous_0)
FNDA:0,(anonymous_1)
FNDA:1,(anonymous_2)
DA:2,1
DA:3,1
DA:5,1
DA:7,1
DA:9,1
DA:11,1
DA:13,139
DA:18,0
DA:20,0
DA:33,1
LF:10
LH:8
BRF:0
BRH:0
end_of_record
TN:
SF:src\model\orm\shop.js
FN:13,(anonymous_0)
FN:17,(anonymous_1)
FN:42,(anonymous_2)
FNF:3
FNH:0
FNDA:0,(anonymous_0)
FNDA:0,(anonymous_1)
FNDA:0,(anonymous_2)
DA:2,1
DA:3,1
DA:5,1
DA:8,1
DA:10,1
DA:12,1
DA:14,0
DA:18,0
DA:19,0
DA:21,0
DA:43,0
LF:11
LH:6
BRF:0
BRH:0
end_of_record
TN:
SF:src\model\orm\user.js
FN:13,(anonymous_0)
FN:17,(anonymous_1)
FN:31,(anonymous_2)
FNF:3
FNH:3
FNDA:140,(anonymous_0)
FNDA:1,(anonymous_1)
FNDA:1,(anonymous_2)
DA:2,2
DA:3,2
DA:5,2
DA:6,2
DA:8,2
DA:10,2
DA:12,2
DA:14,140
DA:18,1
DA:33,1
DA:34,1
DA:36,1
LF:12
LH:12
BRF:0
BRH:0
end_of_record
